<?xml version="1.0" encoding="UTF-8"?>
<testsuite name="rspec" tests="1" skipped="0" failures="0" errors="0" time="0.019613" timestamp="2025-08-10T18:43:02-06:00" hostname="aurora">
<properties>
<property name="seed" value="60401"/>
</properties>
<testcase classname="spec.sanity_spec" name="RSpec setup loads the Rails environment and runs a basic expectation" file="./spec/sanity_spec.rb" time="0.013417"></testcase>
</testsuite>
